nohup: ignoring input
[config] PROJECT_ROOT=/home/yanglh/L/protac_diffusion
[config] CONDA_ENV_NAME=diffusion-server
[config] DEVICE=cuda
[run] training node diffusion
[data] source=/home/yanglh/L/protac_diffusion/data/processed/weak_anchor_tensors.pt total=5020 train=4518 val=502 reasons={}
[train] device=cuda batch_size=16 hidden_dim=128 layers=4 timesteps=200
[epoch 001] train_loss=0.5905 val_loss=0.4164
[checkpoint] saved /home/yanglh/L/protac_diffusion/checkpoints/linker_node_diffusion.pt
[epoch 002] train_loss=0.3993 val_loss=0.3301
[checkpoint] saved /home/yanglh/L/protac_diffusion/checkpoints/linker_node_diffusion.pt
[epoch 003] train_loss=0.3570 val_loss=0.3046
[checkpoint] saved /home/yanglh/L/protac_diffusion/checkpoints/linker_node_diffusion.pt
[epoch 004] train_loss=0.3119 val_loss=0.2841
[checkpoint] saved /home/yanglh/L/protac_diffusion/checkpoints/linker_node_diffusion.pt
[epoch 005] train_loss=0.3177 val_loss=0.2019
[checkpoint] saved /home/yanglh/L/protac_diffusion/checkpoints/linker_node_diffusion.pt
[epoch 006] train_loss=0.2992 val_loss=0.2611
[epoch 007] train_loss=0.2967 val_loss=0.2941
[epoch 008] train_loss=0.3016 val_loss=0.2285
[epoch 009] train_loss=0.2900 val_loss=0.1914
[checkpoint] saved /home/yanglh/L/protac_diffusion/checkpoints/linker_node_diffusion.pt
[epoch 010] train_loss=0.2513 val_loss=0.2263
[epoch 011] train_loss=0.2951 val_loss=0.2063
[epoch 012] train_loss=0.2673 val_loss=0.2340
[epoch 013] train_loss=0.2665 val_loss=0.2393
[epoch 014] train_loss=0.2549 val_loss=0.2539
[epoch 015] train_loss=0.2308 val_loss=0.2373
[epoch 016] train_loss=0.2371 val_loss=0.1725
[checkpoint] saved /home/yanglh/L/protac_diffusion/checkpoints/linker_node_diffusion.pt
[epoch 017] train_loss=0.2401 val_loss=0.1926
[epoch 018] train_loss=0.2477 val_loss=0.1636
[checkpoint] saved /home/yanglh/L/protac_diffusion/checkpoints/linker_node_diffusion.pt
[epoch 019] train_loss=0.2648 val_loss=0.2295
[epoch 020] train_loss=0.2293 val_loss=0.1852
[epoch 021] train_loss=0.2345 val_loss=0.1898
[epoch 022] train_loss=0.2133 val_loss=0.2151
[epoch 023] train_loss=0.2360 val_loss=0.1594
[checkpoint] saved /home/yanglh/L/protac_diffusion/checkpoints/linker_node_diffusion.pt
[epoch 024] train_loss=0.2331 val_loss=0.1663
[epoch 025] train_loss=0.2108 val_loss=0.1661
[epoch 026] train_loss=0.2313 val_loss=0.1594
[epoch 027] train_loss=0.2184 val_loss=0.1579
[checkpoint] saved /home/yanglh/L/protac_diffusion/checkpoints/linker_node_diffusion.pt
[epoch 028] train_loss=0.2309 val_loss=0.1357
[checkpoint] saved /home/yanglh/L/protac_diffusion/checkpoints/linker_node_diffusion.pt
[epoch 029] train_loss=0.2131 val_loss=0.1387
[epoch 030] train_loss=0.1991 val_loss=0.1435
[epoch 031] train_loss=0.2011 val_loss=0.1945
[epoch 032] train_loss=0.2275 val_loss=0.1558
[epoch 033] train_loss=0.1986 val_loss=0.1584
[epoch 034] train_loss=0.2022 val_loss=0.1565
[epoch 035] train_loss=0.1926 val_loss=0.1643
[epoch 036] train_loss=0.2195 val_loss=0.1972
[epoch 037] train_loss=0.2048 val_loss=0.1190
[checkpoint] saved /home/yanglh/L/protac_diffusion/checkpoints/linker_node_diffusion.pt
[epoch 038] train_loss=0.1957 val_loss=0.1579
[epoch 039] train_loss=0.2023 val_loss=0.1644
[epoch 040] train_loss=0.1918 val_loss=0.1609
[epoch 041] train_loss=0.2069 val_loss=0.1285
[epoch 042] train_loss=0.2092 val_loss=0.1393
[epoch 043] train_loss=0.1995 val_loss=0.1364
[epoch 044] train_loss=0.1862 val_loss=0.1523
[epoch 045] train_loss=0.1964 val_loss=0.1664
[epoch 046] train_loss=0.2070 val_loss=0.1884
[epoch 047] train_loss=0.2083 val_loss=0.1756
[epoch 048] train_loss=0.1813 val_loss=0.1683
[epoch 049] train_loss=0.1835 val_loss=0.1584
[epoch 050] train_loss=0.1905 val_loss=0.1418
[epoch 051] train_loss=0.1939 val_loss=0.1500
[epoch 052] train_loss=0.1926 val_loss=0.1761
[epoch 053] train_loss=0.2055 val_loss=0.1548
[epoch 054] train_loss=0.1971 val_loss=0.1405
[epoch 055] train_loss=0.1972 val_loss=0.1421
[epoch 056] train_loss=0.1786 val_loss=0.1203
[epoch 057] train_loss=0.1815 val_loss=0.1540
[epoch 058] train_loss=0.1908 val_loss=0.1535
[epoch 059] train_loss=0.2010 val_loss=0.1638
[epoch 060] train_loss=0.1781 val_loss=0.1280
[epoch 061] train_loss=0.1785 val_loss=0.1628
[epoch 062] train_loss=0.1875 val_loss=0.1647
[epoch 063] train_loss=0.1646 val_loss=0.1206
[epoch 064] train_loss=0.1697 val_loss=0.1301
[epoch 065] train_loss=0.1734 val_loss=0.1564
[epoch 066] train_loss=0.1723 val_loss=0.1522
[epoch 067] train_loss=0.1850 val_loss=0.1077
[checkpoint] saved /home/yanglh/L/protac_diffusion/checkpoints/linker_node_diffusion.pt
[epoch 068] train_loss=0.1617 val_loss=0.1425
[epoch 069] train_loss=0.1781 val_loss=0.1581
[epoch 070] train_loss=0.1701 val_loss=0.1015
[checkpoint] saved /home/yanglh/L/protac_diffusion/checkpoints/linker_node_diffusion.pt
[epoch 071] train_loss=0.1863 val_loss=0.1458
[epoch 072] train_loss=0.1721 val_loss=0.1307
[epoch 073] train_loss=0.1632 val_loss=0.1494
[epoch 074] train_loss=0.1838 val_loss=0.1211
[epoch 075] train_loss=0.1624 val_loss=0.2132
[epoch 076] train_loss=0.1756 val_loss=0.1286
[epoch 077] train_loss=0.1768 val_loss=0.1383
[epoch 078] train_loss=0.1686 val_loss=0.1392
[epoch 079] train_loss=0.1857 val_loss=0.1471
[epoch 080] train_loss=0.1604 val_loss=0.1090
[epoch 081] train_loss=0.1767 val_loss=0.1616
[epoch 082] train_loss=0.1627 val_loss=0.1103
[epoch 083] train_loss=0.1723 val_loss=0.1551
[epoch 084] train_loss=0.1733 val_loss=0.1665
[epoch 085] train_loss=0.1696 val_loss=0.1013
[checkpoint] saved /home/yanglh/L/protac_diffusion/checkpoints/linker_node_diffusion.pt
[epoch 086] train_loss=0.1901 val_loss=0.1344
[epoch 087] train_loss=0.1774 val_loss=0.1252
[epoch 088] train_loss=0.1803 val_loss=0.1071
[epoch 089] train_loss=0.1551 val_loss=0.1423
[epoch 090] train_loss=0.1809 val_loss=0.1735
[epoch 091] train_loss=0.1588 val_loss=0.1037
[epoch 092] train_loss=0.1705 val_loss=0.1066
[epoch 093] train_loss=0.1627 val_loss=0.1139
[epoch 094] train_loss=0.1552 val_loss=0.1128
[epoch 095] train_loss=0.1605 val_loss=0.1062
[epoch 096] train_loss=0.1563 val_loss=0.1014
[epoch 097] train_loss=0.1580 val_loss=0.1248
[epoch 098] train_loss=0.1561 val_loss=0.1130
[epoch 099] train_loss=0.1811 val_loss=0.1237
[epoch 100] train_loss=0.1576 val_loss=0.1085
[run] training edge diffusion
[data] source=/home/yanglh/L/protac_diffusion/data/processed/weak_anchor_tensors.pt total=5020 train=4518 val=502 reasons={}
[train] device=cuda batch_size=8 hidden_dim=128 layers=4 timesteps=200
[epoch 001] train_loss=0.6947 val_loss=0.5993
[checkpoint] saved /home/yanglh/L/protac_diffusion/checkpoints/linker_edge_diffusion.pt
[epoch 002] train_loss=0.6082 val_loss=0.5880
[checkpoint] saved /home/yanglh/L/protac_diffusion/checkpoints/linker_edge_diffusion.pt
[epoch 003] train_loss=0.5911 val_loss=0.5820
[checkpoint] saved /home/yanglh/L/protac_diffusion/checkpoints/linker_edge_diffusion.pt
[epoch 004] train_loss=0.5795 val_loss=0.5531
[checkpoint] saved /home/yanglh/L/protac_diffusion/checkpoints/linker_edge_diffusion.pt
[epoch 005] train_loss=0.5750 val_loss=0.5463
[checkpoint] saved /home/yanglh/L/protac_diffusion/checkpoints/linker_edge_diffusion.pt
[epoch 006] train_loss=0.5625 val_loss=0.5491
[epoch 007] train_loss=0.5582 val_loss=0.5376
[checkpoint] saved /home/yanglh/L/protac_diffusion/checkpoints/linker_edge_diffusion.pt
[epoch 008] train_loss=0.5618 val_loss=0.5436
[epoch 009] train_loss=0.5610 val_loss=0.5516
[epoch 010] train_loss=0.5613 val_loss=0.5525
[epoch 011] train_loss=0.5485 val_loss=0.5402
[epoch 012] train_loss=0.5470 val_loss=0.5336
[checkpoint] saved /home/yanglh/L/protac_diffusion/checkpoints/linker_edge_diffusion.pt
[epoch 013] train_loss=0.5495 val_loss=0.5284
[checkpoint] saved /home/yanglh/L/protac_diffusion/checkpoints/linker_edge_diffusion.pt
[epoch 014] train_loss=0.5475 val_loss=0.5314
[epoch 015] train_loss=0.5476 val_loss=0.5306
[epoch 016] train_loss=0.5418 val_loss=0.5369
[epoch 017] train_loss=0.5438 val_loss=0.5293
[epoch 018] train_loss=0.5435 val_loss=0.5276
[checkpoint] saved /home/yanglh/L/protac_diffusion/checkpoints/linker_edge_diffusion.pt
[epoch 019] train_loss=0.5427 val_loss=0.5266
[checkpoint] saved /home/yanglh/L/protac_diffusion/checkpoints/linker_edge_diffusion.pt
[epoch 020] train_loss=0.5442 val_loss=0.5279
[epoch 021] train_loss=0.5414 val_loss=0.5492
[epoch 022] train_loss=0.5397 val_loss=0.5288
[epoch 023] train_loss=0.5455 val_loss=0.5331
[epoch 024] train_loss=0.5351 val_loss=0.5214
[checkpoint] saved /home/yanglh/L/protac_diffusion/checkpoints/linker_edge_diffusion.pt
[epoch 025] train_loss=0.5366 val_loss=0.5297
[epoch 026] train_loss=0.5407 val_loss=0.5198
[checkpoint] saved /home/yanglh/L/protac_diffusion/checkpoints/linker_edge_diffusion.pt
[epoch 027] train_loss=0.5343 val_loss=0.5205
[epoch 028] train_loss=0.5305 val_loss=0.5170
[checkpoint] saved /home/yanglh/L/protac_diffusion/checkpoints/linker_edge_diffusion.pt
[epoch 029] train_loss=0.5344 val_loss=0.5263
[epoch 030] train_loss=0.5379 val_loss=0.5207
[epoch 031] train_loss=0.5349 val_loss=0.5174
[epoch 032] train_loss=0.5321 val_loss=0.5180
[epoch 033] train_loss=0.5387 val_loss=0.5180
[epoch 034] train_loss=0.5304 val_loss=0.5171
[epoch 035] train_loss=0.5279 val_loss=0.5156
[checkpoint] saved /home/yanglh/L/protac_diffusion/checkpoints/linker_edge_diffusion.pt
[epoch 036] train_loss=0.5318 val_loss=0.5183
[epoch 037] train_loss=0.5304 val_loss=0.5477
[epoch 038] train_loss=0.5336 val_loss=0.5188
[epoch 039] train_loss=0.5265 val_loss=0.5138
[checkpoint] saved /home/yanglh/L/protac_diffusion/checkpoints/linker_edge_diffusion.pt
[epoch 040] train_loss=0.5293 val_loss=0.5154
[epoch 041] train_loss=0.5289 val_loss=0.5156
[epoch 042] train_loss=0.5265 val_loss=0.5218
[epoch 043] train_loss=0.5284 val_loss=0.5396
[epoch 044] train_loss=0.5277 val_loss=0.5205
[epoch 045] train_loss=0.5282 val_loss=0.5229
[epoch 046] train_loss=0.5267 val_loss=0.5250
[epoch 047] train_loss=0.5298 val_loss=0.5221
[epoch 048] train_loss=0.5278 val_loss=0.5194
[epoch 049] train_loss=0.5247 val_loss=0.5149
[epoch 050] train_loss=0.5243 val_loss=0.5142
[epoch 051] train_loss=0.5243 val_loss=0.5350
[epoch 052] train_loss=0.5300 val_loss=0.5221
[epoch 053] train_loss=0.5283 val_loss=0.5195
[epoch 054] train_loss=0.5266 val_loss=0.5134
[checkpoint] saved /home/yanglh/L/protac_diffusion/checkpoints/linker_edge_diffusion.pt
[epoch 055] train_loss=0.5230 val_loss=0.5228
[epoch 056] train_loss=0.5239 val_loss=0.5127
[checkpoint] saved /home/yanglh/L/protac_diffusion/checkpoints/linker_edge_diffusion.pt
[epoch 057] train_loss=0.5267 val_loss=0.5184
[epoch 058] train_loss=0.5248 val_loss=0.5140
[epoch 059] train_loss=0.5245 val_loss=0.5184
[epoch 060] train_loss=0.5222 val_loss=0.5121
[checkpoint] saved /home/yanglh/L/protac_diffusion/checkpoints/linker_edge_diffusion.pt
[epoch 061] train_loss=0.5233 val_loss=0.5131
[epoch 062] train_loss=0.5258 val_loss=0.5119
[checkpoint] saved /home/yanglh/L/protac_diffusion/checkpoints/linker_edge_diffusion.pt
[epoch 063] train_loss=0.5210 val_loss=0.5131
[epoch 064] train_loss=0.5213 val_loss=0.5120
[epoch 065] train_loss=0.5230 val_loss=0.5155
[epoch 066] train_loss=0.5248 val_loss=0.5135
[epoch 067] train_loss=0.5210 val_loss=0.5098
[checkpoint] saved /home/yanglh/L/protac_diffusion/checkpoints/linker_edge_diffusion.pt
[epoch 068] train_loss=0.5218 val_loss=0.5112
[epoch 069] train_loss=0.5194 val_loss=0.5132
[epoch 070] train_loss=0.5206 val_loss=0.5111
[epoch 071] train_loss=0.5190 val_loss=0.5074
[checkpoint] saved /home/yanglh/L/protac_diffusion/checkpoints/linker_edge_diffusion.pt
[epoch 072] train_loss=0.5190 val_loss=0.5113
[epoch 073] train_loss=0.5209 val_loss=0.5133
[epoch 074] train_loss=0.5231 val_loss=0.5194
[epoch 075] train_loss=0.5188 val_loss=0.5075
[epoch 076] train_loss=0.5208 val_loss=0.5201
[epoch 077] train_loss=0.5200 val_loss=0.5204
[epoch 078] train_loss=0.5197 val_loss=0.5131
[epoch 079] train_loss=0.5185 val_loss=0.5107
[epoch 080] train_loss=0.5201 val_loss=0.5090
[epoch 081] train_loss=0.5200 val_loss=0.5112
[epoch 082] train_loss=0.5169 val_loss=0.5125
[epoch 083] train_loss=0.5209 val_loss=0.5086
[epoch 084] train_loss=0.5166 val_loss=0.5091
[epoch 085] train_loss=0.5170 val_loss=0.5089
[epoch 086] train_loss=0.5187 val_loss=0.5082
[epoch 087] train_loss=0.5188 val_loss=0.5192
[epoch 088] train_loss=0.5249 val_loss=0.5160
[epoch 089] train_loss=0.5189 val_loss=0.5130
[epoch 090] train_loss=0.5186 val_loss=0.5112
[epoch 091] train_loss=0.5161 val_loss=0.5099
[epoch 092] train_loss=0.5194 val_loss=0.5108
[epoch 093] train_loss=0.5179 val_loss=0.5134
[epoch 094] train_loss=0.5154 val_loss=0.5091
[epoch 095] train_loss=0.5160 val_loss=0.5084
[epoch 096] train_loss=0.5176 val_loss=0.5105
[epoch 097] train_loss=0.5159 val_loss=0.5074
[epoch 098] train_loss=0.5176 val_loss=0.5057
[checkpoint] saved /home/yanglh/L/protac_diffusion/checkpoints/linker_edge_diffusion.pt
[epoch 099] train_loss=0.5172 val_loss=0.5087
[epoch 100] train_loss=0.5195 val_loss=0.5038
[checkpoint] saved /home/yanglh/L/protac_diffusion/checkpoints/linker_edge_diffusion.pt
[done] node_ckpt=/home/yanglh/L/protac_diffusion/checkpoints/linker_node_diffusion.pt
[done] edge_ckpt=/home/yanglh/L/protac_diffusion/checkpoints/linker_edge_diffusion.pt
